app/build/intermediates/manifest_merge_blame_file/debug/manifest-merger-blame-debug-report.txt
1<?xml version="1.0" encoding="utf-8"?>
2<manifest xmlns:android="http://schemas.android.com/apk/res/android"
3    package="com.example.beaconscanner"
4    android:versionCode="1"
5    android:versionName="1.0" >
6
7    <uses-sdk
8        android:minSdkVersion="26"
9        android:targetSdkVersion="34" />
10
11    <!-- 1. 기본 네트워크 권한 -->
12    <uses-permission android:name="android.permission.INTERNET" />
12-->src\main\AndroidManifest.xml:6:5-67
12-->src\main\AndroidManifest.xml:6:22-64
13
14    <!-- 2. 백그라운드 구동을 위한 Foreground Service 권한 -->
15    <uses-permission android:name="android.permission.FOREGROUND_SERVICE" />
15-->src\main\AndroidManifest.xml:9:5-77
15-->src\main\AndroidManifest.xml:9:22-74
16    <uses-permission android:name="android.permission.FOREGROUND_SERVICE_LOCATION" />
16-->src\main\AndroidManifest.xml:10:5-86
16-->src\main\AndroidManifest.xml:10:22-83
17    <uses-permission android:name="android.permission.POST_NOTIFICATIONS" />
17-->src\main\AndroidManifest.xml:11:5-77
17-->src\main\AndroidManifest.xml:11:22-74
18
19    <!-- 3. 위치 권한 (BLE 스캔 및 실내 위치 추정 필수) -->
20    <uses-permission android:name="android.permission.ACCESS_FINE_LOCATION" />
20-->src\main\AndroidManifest.xml:14:5-79
20-->src\main\AndroidManifest.xml:14:22-76
21    <uses-permission android:name="android.permission.ACCESS_COARSE_LOCATION" />
21-->src\main\AndroidManifest.xml:15:5-81
21-->src\main\AndroidManifest.xml:15:22-78
22    <uses-permission android:name="android.permission.ACCESS_BACKGROUND_LOCATION" />
22-->src\main\AndroidManifest.xml:16:5-85
22-->src\main\AndroidManifest.xml:16:22-82
23
24    <!-- 4. Bluetooth 권한 (Android 11 이하 호환) -->
25    <uses-permission
25-->src\main\AndroidManifest.xml:19:5-95
26        android:name="android.permission.BLUETOOTH"
26-->src\main\AndroidManifest.xml:19:22-65
27        android:maxSdkVersion="30"
27-->src\main\AndroidManifest.xml:19:66-92
28        android:required="false" />
28-->[org.altbeacon:android-beacon-library:2.20.3] AndroidManifest.xml:9:9-33
29    <uses-permission
29-->src\main\AndroidManifest.xml:20:5-101
30        android:name="android.permission.BLUETOOTH_ADMIN"
30-->src\main\AndroidManifest.xml:20:22-71
31        android:maxSdkVersion="30"
31-->src\main\AndroidManifest.xml:20:72-98
32        android:required="false" />
32-->[org.altbeacon:android-beacon-library:2.20.3] AndroidManifest.xml:12:9-33
33
34    <!-- 5. Bluetooth 권한 (Android 12 이상 전용) -->
35    <uses-permission android:name="android.permission.BLUETOOTH_SCAN" />
35-->src\main\AndroidManifest.xml:23:5-93
35-->src\main\AndroidManifest.xml:23:22-70
36    <uses-permission android:name="android.permission.BLUETOOTH_CONNECT" />
36-->src\main\AndroidManifest.xml:24:5-76
36-->src\main\AndroidManifest.xml:24:22-73
37
38    <!-- 6. BLE 하드웨어 필수 선언 -->
39    <uses-feature
39-->src\main\AndroidManifest.xml:27:5-90
40        android:name="android.hardware.bluetooth_le"
40-->src\main\AndroidManifest.xml:27:19-63
41        android:required="true" />
41-->src\main\AndroidManifest.xml:27:64-87
42
43    <uses-permission android:name="android.permission.RECEIVE_BOOT_COMPLETED" />
43-->[org.altbeacon:android-beacon-library:2.20.3] AndroidManifest.xml:14:5-81
43-->[org.altbeacon:android-beacon-library:2.20.3] AndroidManifest.xml:14:22-78
44
45    <permission
45-->[androidx.core:core:1.13.1] AndroidManifest.xml:22:5-24:47
46        android:name="com.example.beaconscanner.DYNAMIC_RECEIVER_NOT_EXPORTED_PERMISSION"
46-->[androidx.core:core:1.13.1] AndroidManifest.xml:23:9-81
47        android:protectionLevel="signature" />
47-->[androidx.core:core:1.13.1] AndroidManifest.xml:24:9-44
48
49    <uses-permission android:name="com.example.beaconscanner.DYNAMIC_RECEIVER_NOT_EXPORTED_PERMISSION" />
49-->[androidx.core:core:1.13.1] AndroidManifest.xml:26:5-97
49-->[androidx.core:core:1.13.1] AndroidManifest.xml:26:22-94
50
51    <application
51-->src\main\AndroidManifest.xml:29:5-56:19
52        android:name="com.example.beaconscanner.App"
52-->src\main\AndroidManifest.xml:30:9-28
53        android:allowBackup="true"
53-->src\main\AndroidManifest.xml:31:9-35
54        android:appComponentFactory="androidx.core.app.CoreComponentFactory"
54-->[androidx.core:core:1.13.1] AndroidManifest.xml:28:18-86
55        android:debuggable="true"
56        android:extractNativeLibs="false"
57        android:icon="@mipmap/ic_launcher"
57-->src\main\AndroidManifest.xml:32:9-43
58        android:label="Beacon Scanner"
58-->src\main\AndroidManifest.xml:33:9-39
59        android:networkSecurityConfig="@xml/network_security_config"
59-->src\main\AndroidManifest.xml:37:9-69
60        android:roundIcon="@mipmap/ic_launcher_round"
60-->src\main\AndroidManifest.xml:34:9-54
61        android:supportsRtl="true"
61-->src\main\AndroidManifest.xml:35:9-35
62        android:testOnly="true"
63        android:theme="@style/Theme.BeaconScanner" >
63-->src\main\AndroidManifest.xml:36:9-51
64
65        <!-- 런처 메인 액티비티 -->
66        <activity
66-->src\main\AndroidManifest.xml:40:9-47:20
67            android:name="com.example.beaconscanner.MainActivity"
67-->src\main\AndroidManifest.xml:41:13-41
68            android:exported="true" >
68-->src\main\AndroidManifest.xml:42:13-36
69            <intent-filter>
69-->src\main\AndroidManifest.xml:43:13-46:29
70                <action android:name="android.intent.action.MAIN" />
70-->src\main\AndroidManifest.xml:44:17-69
70-->src\main\AndroidManifest.xml:44:25-66
71
72                <category android:name="android.intent.category.LAUNCHER" />
72-->src\main\AndroidManifest.xml:45:17-77
72-->src\main\AndroidManifest.xml:45:27-74
73            </intent-filter>
74        </activity>
75
76        <!-- 백그라운드 BLE 스캔 전담 서비스 -->
77        <service
77-->src\main\AndroidManifest.xml:50:9-54:56
78            android:name="com.example.beaconscanner.BeaconScanService"
78-->src\main\AndroidManifest.xml:51:13-46
79            android:enabled="true"
79-->src\main\AndroidManifest.xml:52:13-35
80            android:exported="false"
80-->src\main\AndroidManifest.xml:53:13-37
81            android:foregroundServiceType="location" />
81-->src\main\AndroidManifest.xml:54:13-53
82
83        <receiver
83-->[org.altbeacon:android-beacon-library:2.20.3] AndroidManifest.xml:18:9-26:20
84            android:name="org.altbeacon.beacon.startup.StartupBroadcastReceiver"
84-->[org.altbeacon:android-beacon-library:2.20.3] AndroidManifest.xml:19:13-81
85            android:exported="false" >
85-->[org.altbeacon:android-beacon-library:2.20.3] AndroidManifest.xml:20:13-37
86            <intent-filter>
86-->[org.altbeacon:android-beacon-library:2.20.3] AndroidManifest.xml:21:13-25:29
87                <action android:name="android.intent.action.BOOT_COMPLETED" />
87-->[org.altbeacon:android-beacon-library:2.20.3] AndroidManifest.xml:22:17-79
87-->[org.altbeacon:android-beacon-library:2.20.3] AndroidManifest.xml:22:25-76
88                <action android:name="android.intent.action.ACTION_POWER_CONNECTED" />
88-->[org.altbeacon:android-beacon-library:2.20.3] AndroidManifest.xml:23:17-87
88-->[org.altbeacon:android-beacon-library:2.20.3] AndroidManifest.xml:23:25-84
89                <action android:name="android.intent.action.ACTION_POWER_DISCONNECTED" />
89-->[org.altbeacon:android-beacon-library:2.20.3] AndroidManifest.xml:24:17-90
89-->[org.altbeacon:android-beacon-library:2.20.3] AndroidManifest.xml:24:25-87
90            </intent-filter>
91        </receiver>
92
93        <service
93-->[org.altbeacon:android-beacon-library:2.20.3] AndroidManifest.xml:28:9-34:38
94            android:name="org.altbeacon.beacon.service.BeaconService"
94-->[org.altbeacon:android-beacon-library:2.20.3] AndroidManifest.xml:29:13-70
95            android:enabled="true"
95-->[org.altbeacon:android-beacon-library:2.20.3] AndroidManifest.xml:30:13-35
96            android:exported="false"
96-->[org.altbeacon:android-beacon-library:2.20.3] AndroidManifest.xml:31:13-37
97            android:foregroundServiceType="location"
97-->[org.altbeacon:android-beacon-library:2.20.3] AndroidManifest.xml:32:13-53
98            android:isolatedProcess="false"
98-->[org.altbeacon:android-beacon-library:2.20.3] AndroidManifest.xml:33:13-44
99            android:label="beacon" />
99-->[org.altbeacon:android-beacon-library:2.20.3] AndroidManifest.xml:34:13-35
100        <service
100-->[org.altbeacon:android-beacon-library:2.20.3] AndroidManifest.xml:35:9-38:40
101            android:name="org.altbeacon.beacon.BeaconIntentProcessor"
101-->[org.altbeacon:android-beacon-library:2.20.3] AndroidManifest.xml:36:13-70
102            android:enabled="true"
102-->[org.altbeacon:android-beacon-library:2.20.3] AndroidManifest.xml:37:13-35
103            android:exported="false" />
103-->[org.altbeacon:android-beacon-library:2.20.3] AndroidManifest.xml:38:13-37
104        <service
104-->[org.altbeacon:android-beacon-library:2.20.3] AndroidManifest.xml:39:9-49:19
105            android:name="org.altbeacon.beacon.service.ScanJob"
105-->[org.altbeacon:android-beacon-library:2.20.3] AndroidManifest.xml:40:13-64
106            android:exported="false"
106-->[org.altbeacon:android-beacon-library:2.20.3] AndroidManifest.xml:41:13-37
107            android:permission="android.permission.BIND_JOB_SERVICE" >
107-->[org.altbeacon:android-beacon-library:2.20.3] AndroidManifest.xml:42:13-69
108            <meta-data
108-->[org.altbeacon:android-beacon-library:2.20.3] AndroidManifest.xml:43:13-45:45
109                android:name="immediateScanJobId"
109-->[org.altbeacon:android-beacon-library:2.20.3] AndroidManifest.xml:44:17-50
110                android:value="208352939" />
110-->[org.altbeacon:android-beacon-library:2.20.3] AndroidManifest.xml:45:17-42
111            <meta-data
111-->[org.altbeacon:android-beacon-library:2.20.3] AndroidManifest.xml:46:13-48:45
112                android:name="periodicScanJobId"
112-->[org.altbeacon:android-beacon-library:2.20.3] AndroidManifest.xml:47:17-49
113                android:value="208352940" />
113-->[org.altbeacon:android-beacon-library:2.20.3] AndroidManifest.xml:48:17-42
114        </service>
115        <service
115-->[org.altbeacon:android-beacon-library:2.20.3] AndroidManifest.xml:50:9-57:19
116            android:name="org.altbeacon.bluetooth.BluetoothTestJob"
116-->[org.altbeacon:android-beacon-library:2.20.3] AndroidManifest.xml:51:13-68
117            android:exported="false"
117-->[org.altbeacon:android-beacon-library:2.20.3] AndroidManifest.xml:52:13-37
118            android:permission="android.permission.BIND_JOB_SERVICE" >
118-->[org.altbeacon:android-beacon-library:2.20.3] AndroidManifest.xml:53:13-69
119            <meta-data
119-->[org.altbeacon:android-beacon-library:2.20.3] AndroidManifest.xml:54:13-56:46
120                android:name="jobId"
120-->[org.altbeacon:android-beacon-library:2.20.3] AndroidManifest.xml:55:17-37
121                android:value="1799803768" />
121-->[org.altbeacon:android-beacon-library:2.20.3] AndroidManifest.xml:56:17-43
122        </service>
123
124        <provider
124-->[androidx.emoji2:emoji2:1.3.0] AndroidManifest.xml:24:9-32:20
125            android:name="androidx.startup.InitializationProvider"
125-->[androidx.emoji2:emoji2:1.3.0] AndroidManifest.xml:25:13-67
126            android:authorities="com.example.beaconscanner.androidx-startup"
126-->[androidx.emoji2:emoji2:1.3.0] AndroidManifest.xml:26:13-68
127            android:exported="false" >
127-->[androidx.emoji2:emoji2:1.3.0] AndroidManifest.xml:27:13-37
128            <meta-data
128-->[androidx.emoji2:emoji2:1.3.0] AndroidManifest.xml:29:13-31:52
129                android:name="androidx.emoji2.text.EmojiCompatInitializer"
129-->[androidx.emoji2:emoji2:1.3.0] AndroidManifest.xml:30:17-75
130                android:value="androidx.startup" />
130-->[androidx.emoji2:emoji2:1.3.0] AndroidManifest.xml:31:17-49
131            <meta-data
131-->[androidx.lifecycle:lifecycle-process:2.8.4] AndroidManifest.xml:29:13-31:52
132                android:name="androidx.lifecycle.ProcessLifecycleInitializer"
132-->[androidx.lifecycle:lifecycle-process:2.8.4] AndroidManifest.xml:30:17-78
133                android:value="androidx.startup" />
133-->[androidx.lifecycle:lifecycle-process:2.8.4] AndroidManifest.xml:31:17-49
134            <meta-data
134-->[androidx.profileinstaller:profileinstaller:1.3.1] AndroidManifest.xml:29:13-31:52
135                android:name="androidx.profileinstaller.ProfileInstallerInitializer"
135-->[androidx.profileinstaller:profileinstaller:1.3.1] AndroidManifest.xml:30:17-85
136                android:value="androidx.startup" />
136-->[androidx.profileinstaller:profileinstaller:1.3.1] AndroidManifest.xml:31:17-49
137        </provider>
138
139        <receiver
139-->[androidx.profileinstaller:profileinstaller:1.3.1] AndroidManifest.xml:34:9-52:20
140            android:name="androidx.profileinstaller.ProfileInstallReceiver"
140-->[androidx.profileinstaller:profileinstaller:1.3.1] AndroidManifest.xml:35:13-76
141            android:directBootAware="false"
141-->[androidx.profileinstaller:profileinstaller:1.3.1] AndroidManifest.xml:36:13-44
142            android:enabled="true"
142-->[androidx.profileinstaller:profileinstaller:1.3.1] AndroidManifest.xml:37:13-35
143            android:exported="true"
143-->[androidx.profileinstaller:profileinstaller:1.3.1] AndroidManifest.xml:38:13-36
144            android:permission="android.permission.DUMP" >
144-->[androidx.profileinstaller:profileinstaller:1.3.1] AndroidManifest.xml:39:13-57
145            <intent-filter>
145-->[androidx.profileinstaller:profileinstaller:1.3.1] AndroidManifest.xml:40:13-42:29
146                <action android:name="androidx.profileinstaller.action.INSTALL_PROFILE" />
146-->[androidx.profileinstaller:profileinstaller:1.3.1] AndroidManifest.xml:41:17-91
146-->[androidx.profileinstaller:profileinstaller:1.3.1] AndroidManifest.xml:41:25-88
147            </intent-filter>
148            <intent-filter>
148-->[androidx.profileinstaller:profileinstaller:1.3.1] AndroidManifest.xml:43:13-45:29
149                <action android:name="androidx.profileinstaller.action.SKIP_FILE" />
149-->[androidx.profileinstaller:profileinstaller:1.3.1] AndroidManifest.xml:44:17-85
149-->[androidx.profileinstaller:profileinstaller:1.3.1] AndroidManifest.xml:44:25-82
150            </intent-filter>
151            <intent-filter>
151-->[androidx.profileinstaller:profileinstaller:1.3.1] AndroidManifest.xml:46:13-48:29
152                <action android:name="androidx.profileinstaller.action.SAVE_PROFILE" />
152-->[androidx.profileinstaller:profileinstaller:1.3.1] AndroidManifest.xml:47:17-88
152-->[androidx.profileinstaller:profileinstaller:1.3.1] AndroidManifest.xml:47:25-85
153            </intent-filter>
154            <intent-filter>
154-->[androidx.profileinstaller:profileinstaller:1.3.1] AndroidManifest.xml:49:13-51:29
155                <action android:name="androidx.profileinstaller.action.BENCHMARK_OPERATION" />
155-->[androidx.profileinstaller:profileinstaller:1.3.1] AndroidManifest.xml:50:17-95
155-->[androidx.profileinstaller:profileinstaller:1.3.1] AndroidManifest.xml:50:25-92
156            </intent-filter>
157        </receiver>
158    </application>
159
160</manifest>